# JRE version: OpenJDK Runtime Environment JBR-21.0.3+13-509.11-jcef (21.0.3+13) (build 21.0.3+13-b509.11)
# Java VM: OpenJDK 64-Bit Server VM JBR-21.0.3+13-509.11-jcef (21.0.3+13-b509.11, mixed mode, tiered, compressed oops, compressed class ptrs, g1 gc, windows-amd64)
GC Precious Log:
 CardTable entry size: 512
 Card Set container configuration: InlinePtr #cards 5 size 8 Array Of Cards #cards 12 size 40 Howl #buckets 4 coarsen threshold 1843 Howl Bitmap #cards 512 size 80 coarsen threshold 460 Card regions per heap region 1 cards per card region 2048
 CPUs: 16 total, 16 available
 Memory: 16003M
 Large Page Support: Disabled
 NUMA Support: Disabled
 Compressed Oops: Enabled (32-bit)
 Heap Region Size: 1M
 Heap Min Capacity: 128M
 Heap Initial Capacity: 128M
 Heap Max Capacity: 2G
 Pre-touch: Disabled
 Parallel Workers: 13
 Concurrent Workers: 3
 Concurrent Refinement Workers: 13
 Periodic GC: Disabled
Heap:
 garbage-first heap   total 261120K, used 193536K [0x0000000080000000, 0x0000000100000000)
  region size 1024K, 7 young (7168K), 7 survivors (7168K)
 Metaspace       used 48761K, committed 49216K, reserved 1114112K
  class space    used 5294K, committed 5504K, reserved 1048576K
GC Heap History (19 events):
Event: 0.594 GC heap before
{Heap before GC invocations=0 (full 0):
 garbage-first heap   total 131072K, used 28672K [0x0000000080000000, 0x0000000100000000)
  region size 1024K, 23 young (23552K), 0 survivors (0K)
 Metaspace       used 15568K, committed 15744K, reserved 1114112K
  class space    used 1459K, committed 1536K, reserved 1048576K
}
Event: 0.600 GC heap after
{Heap after GC invocations=1 (full 0):
 garbage-first heap   total 131072K, used 10482K [0x0000000080000000, 0x0000000100000000)
  region size 1024K, 3 young (3072K), 3 survivors (3072K)
 Metaspace       used 15568K, committed 15744K, reserved 1114112K
  class space    used 1459K, committed 1536K, reserved 1048576K
}
Event: 0.796 GC heap before
{Heap before GC invocations=1 (full 0):
 garbage-first heap   total 131072K, used 20722K [0x0000000080000000, 0x0000000100000000)
  region size 1024K, 15 young (15360K), 3 survivors (3072K)
 Metaspace       used 21232K, committed 21504K, reserved 1114112K
  class space    used 2033K, committed 2176K, reserved 1048576K
}
Event: 0.801 GC heap after
{Heap after GC invocations=2 (full 0):
 garbage-first heap   total 131072K, used 11857K [0x0000000080000000, 0x0000000100000000)
  region size 1024K, 2 young (2048K), 2 survivors (2048K)
 Metaspace       used 21232K, committed 21504K, reserved 1114112K
  class space    used 2033K, committed 2176K, reserved 1048576K
}
Event: 1.422 GC heap before
{Heap before GC invocations=3 (full 0):
 garbage-first heap   total 131072K, used 48721K [0x0000000080000000, 0x0000000100000000)
  region size 1024K, 40 young (40960K), 2 survivors (2048K)
 Metaspace       used 35578K, committed 35968K, reserved 1114112K
  class space    used 3719K, committed 3904K, reserved 1048576K
}
Event: 1.428 GC heap after
{Heap after GC invocations=4 (full 0):
 garbage-first heap   total 131072K, used 14779K [0x0000000080000000, 0x0000000100000000)
  region size 1024K, 4 young (4096K), 4 survivors (4096K)
 Metaspace       used 35578K, committed 35968K, reserved 1114112K
  class space    used 3719K, committed 3904K, reserved 1048576K
}
Event: 2.404 GC heap before
{Heap before GC invocations=5 (full 0):
 garbage-first heap   total 131072K, used 99771K [0x0000000080000000, 0x0000000100000000)
  region size 1024K, 76 young (77824K), 4 survivors (4096K)
 Metaspace       used 48200K, committed 48640K, reserved 1114112K
  class space    used 5263K, committed 5440K, reserved 1048576K
}
Event: 2.429 GC heap after
{Heap after GC invocations=6 (full 0):
 garbage-first heap   total 131072K, used 36587K [0x0000000080000000, 0x0000000100000000)
  region size 1024K, 10 young (10240K), 10 survivors (10240K)
 Metaspace       used 48200K, committed 48640K, reserved 1114112K
  class space    used 5263K, committed 5440K, reserved 1048576K
}
Event: 2.537 GC heap before
{Heap before GC invocations=6 (full 0):
 garbage-first heap   total 131072K, used 74475K [0x0000000080000000, 0x0000000100000000)
  region size 1024K, 47 young (48128K), 10 survivors (10240K)
 Metaspace       used 48223K, committed 48640K, reserved 1114112K
  class space    used 5263K, committed 5440K, reserved 1048576K
}
Event: 2.569 GC heap after
{Heap after GC invocations=7 (full 0):
 garbage-first heap   total 131072K, used 54272K [0x0000000080000000, 0x0000000100000000)
  region size 1024K, 6 young (6144K), 6 survivors (6144K)
 Metaspace       used 48223K, committed 48640K, reserved 1114112K
  class space    used 5263K, committed 5440K, reserved 1048576K
}
Event: 2.729 GC heap before
{Heap before GC invocations=7 (full 0):
 garbage-first heap   total 131072K, used 97280K [0x0000000080000000, 0x0000000100000000)
  region size 1024K, 48 young (49152K), 6 survivors (6144K)
 Metaspace       used 48623K, committed 49088K, reserved 1114112K
  class space    used 5294K, committed 5504K, reserved 1048576K
}
Event: 2.751 GC heap after
{Heap after GC invocations=8 (full 0):
 garbage-first heap   total 261120K, used 73728K [0x0000000080000000, 0x0000000100000000)
  region size 1024K, 6 young (6144K), 6 survivors (6144K)
 Metaspace       used 48623K, committed 49088K, reserved 1114112K
  class space    used 5294K, committed 5504K, reserved 1048576K
}
Event: 3.114 GC heap before
{Heap before GC invocations=8 (full 0):
 garbage-first heap   total 261120K, used 157696K [0x0000000080000000, 0x0000000100000000)
  region size 1024K, 88 young (90112K), 6 survivors (6144K)
 Metaspace       used 48715K, committed 49152K, reserved 1114112K
  class space    used 5294K, committed 5504K, reserved 1048576K
}
Event: 3.146 GC heap after
{Heap after GC invocations=9 (full 0):
 garbage-first heap   total 261120K, used 112128K [0x0000000080000000, 0x0000000100000000)
  region size 1024K, 11 young (11264K), 11 survivors (11264K)
 Metaspace       used 48715K, committed 49152K, reserved 1114112K
  class space    used 5294K, committed 5504K, reserved 1048576K
}
Event: 3.326 GC heap before
{Heap before GC invocations=9 (full 0):
 garbage-first heap   total 261120K, used 186880K [0x0000000080000000, 0x0000000100000000)
  region size 1024K, 84 young (86016K), 11 survivors (11264K)
 Metaspace       used 48749K, committed 49216K, reserved 1114112K
  class space    used 5294K, committed 5504K, reserved 1048576K
}
Event: 3.364 GC heap after
{Heap after GC invocations=10 (full 0):
 garbage-first heap   total 261120K, used 147456K [0x0000000080000000, 0x0000000100000000)
  region size 1024K, 11 young (11264K), 11 survivors (11264K)
 Metaspace       used 48749K, committed 49216K, reserved 1114112K
  class space    used 5294K, committed 5504K, reserved 1048576K
}
Event: 3.477 GC heap before
{Heap before GC invocations=10 (full 0):
 garbage-first heap   total 261120K, used 203776K [0x0000000080000000, 0x0000000100000000)
  region size 1024K, 66 young (67584K), 11 survivors (11264K)
 Metaspace       used 48761K, committed 49216K, reserved 1114112K
  class space    used 5294K, committed 5504K, reserved 1048576K
}
Event: 3.516 GC heap after
{Heap after GC invocations=11 (full 0):
 garbage-first heap   total 261120K, used 173568K [0x0000000080000000, 0x0000000100000000)
  region size 1024K, 9 young (9216K), 9 survivors (9216K)
 Metaspace       used 48761K, committed 49216K, reserved 1114112K
  class space    used 5294K, committed 5504K, reserved 1048576K
}
Event: 3.620 GC heap before
{Heap before GC invocations=11 (full 0):
 garbage-first heap   total 261120K, used 215552K [0x0000000080000000, 0x0000000100000000)
  region size 1024K, 50 young (51200K), 9 survivors (9216K)
 Metaspace       used 48761K, committed 49216K, reserved 1114112K
  class space    used 5294K, committed 5504K, reserved 1048576K
}

