# JRE version: OpenJDK Runtime Environment JBR-21.0.3+13-509.11-jcef (21.0.3+13) (build 21.0.3+13-b509.11)
# Java VM: OpenJDK 64-Bit Server VM JBR-21.0.3+13-509.11-jcef (21.0.3+13-b509.11, mixed mode, tiered, compressed oops, compressed class ptrs, g1 gc, windows-amd64)
GC Precious Log:
 CardTable entry size: 512
 Card Set container configuration: InlinePtr #cards 5 size 8 Array Of Cards #cards 12 size 40 Howl #buckets 4 coarsen threshold 1843 Howl Bitmap #cards 512 size 80 coarsen threshold 460 Card regions per heap region 1 cards per card region 2048
 CPUs: 16 total, 16 available
 Memory: 16003M
 Large Page Support: Disabled
 NUMA Support: Disabled
 Compressed Oops: Enabled (32-bit)
 Heap Region Size: 1M
 Heap Min Capacity: 128M
 Heap Initial Capacity: 128M
 Heap Max Capacity: 2G
 Pre-touch: Disabled
 Parallel Workers: 13
 Concurrent Workers: 3
 Concurrent Refinement Workers: 13
 Periodic GC: Disabled
Heap:
 garbage-first heap   total 301056K, used 215552K [0x0000000080000000, 0x0000000100000000)
  region size 1024K, 8 young (8192K), 8 survivors (8192K)
 Metaspace       used 51366K, committed 51712K, reserved 1114112K
  class space    used 5544K, committed 5696K, reserved 1048576K
GC Heap History (20 events):
Event: 0.652 GC heap after
{Heap after GC invocations=1 (full 0):
 garbage-first heap   total 131072K, used 10447K [0x0000000080000000, 0x0000000100000000)
  region size 1024K, 3 young (3072K), 3 survivors (3072K)
 Metaspace       used 15565K, committed 15744K, reserved 1114112K
  class space    used 1459K, committed 1536K, reserved 1048576K
}
Event: 0.848 GC heap before
{Heap before GC invocations=1 (full 0):
 garbage-first heap   total 131072K, used 21711K [0x0000000080000000, 0x0000000100000000)
  region size 1024K, 16 young (16384K), 3 survivors (3072K)
 Metaspace       used 21263K, committed 21504K, reserved 1114112K
  class space    used 2038K, committed 2176K, reserved 1048576K
}
Event: 0.852 GC heap after
{Heap after GC invocations=2 (full 0):
 garbage-first heap   total 131072K, used 11662K [0x0000000080000000, 0x0000000100000000)
  region size 1024K, 2 young (2048K), 2 survivors (2048K)
 Metaspace       used 21263K, committed 21504K, reserved 1114112K
  class space    used 2038K, committed 2176K, reserved 1048576K
}
Event: 1.484 GC heap before
{Heap before GC invocations=3 (full 0):
 garbage-first heap   total 131072K, used 49550K [0x0000000080000000, 0x0000000100000000)
  region size 1024K, 41 young (41984K), 2 survivors (2048K)
 Metaspace       used 35735K, committed 36096K, reserved 1114112K
  class space    used 3737K, committed 3904K, reserved 1048576K
}
Event: 1.492 GC heap after
{Heap after GC invocations=4 (full 0):
 garbage-first heap   total 131072K, used 14743K [0x0000000080000000, 0x0000000100000000)
  region size 1024K, 5 young (5120K), 5 survivors (5120K)
 Metaspace       used 35735K, committed 36096K, reserved 1114112K
  class space    used 3737K, committed 3904K, reserved 1048576K
}
Event: 2.511 GC heap before
{Heap before GC invocations=5 (full 0):
 garbage-first heap   total 131072K, used 98711K [0x0000000080000000, 0x0000000100000000)
  region size 1024K, 76 young (77824K), 5 survivors (5120K)
 Metaspace       used 48177K, committed 48640K, reserved 1114112K
  class space    used 5260K, committed 5440K, reserved 1048576K
}
Event: 2.535 GC heap after
{Heap after GC invocations=6 (full 0):
 garbage-first heap   total 131072K, used 36864K [0x0000000080000000, 0x0000000100000000)
  region size 1024K, 10 young (10240K), 10 survivors (10240K)
 Metaspace       used 48177K, committed 48640K, reserved 1114112K
  class space    used 5260K, committed 5440K, reserved 1048576K
}
Event: 2.714 GC heap before
{Heap before GC invocations=6 (full 0):
 garbage-first heap   total 131072K, used 91136K [0x0000000080000000, 0x0000000100000000)
  region size 1024K, 63 young (64512K), 10 survivors (10240K)
 Metaspace       used 48414K, committed 48896K, reserved 1114112K
  class space    used 5289K, committed 5504K, reserved 1048576K
}
Event: 2.744 GC heap after
{Heap after GC invocations=7 (full 0):
 garbage-first heap   total 131072K, used 61952K [0x0000000080000000, 0x0000000100000000)
  region size 1024K, 8 young (8192K), 8 survivors (8192K)
 Metaspace       used 48414K, committed 48896K, reserved 1114112K
  class space    used 5289K, committed 5504K, reserved 1048576K
}
Event: 2.923 GC heap before
{Heap before GC invocations=7 (full 0):
 garbage-first heap   total 131072K, used 98816K [0x0000000080000000, 0x0000000100000000)
  region size 1024K, 44 young (45056K), 8 survivors (8192K)
 Metaspace       used 48586K, committed 49088K, reserved 1114112K
  class space    used 5291K, committed 5504K, reserved 1048576K
}
Event: 2.945 GC heap after
{Heap after GC invocations=8 (full 0):
 garbage-first heap   total 225280K, used 78848K [0x0000000080000000, 0x0000000100000000)
  region size 1024K, 6 young (6144K), 6 survivors (6144K)
 Metaspace       used 48586K, committed 49088K, reserved 1114112K
  class space    used 5291K, committed 5504K, reserved 1048576K
}
Event: 3.385 GC heap before
{Heap before GC invocations=8 (full 0):
 garbage-first heap   total 225280K, used 157696K [0x0000000080000000, 0x0000000100000000)
  region size 1024K, 83 young (84992K), 6 survivors (6144K)
 Metaspace       used 48696K, committed 49152K, reserved 1114112K
  class space    used 5293K, committed 5504K, reserved 1048576K
}
Event: 3.422 GC heap after
{Heap after GC invocations=9 (full 0):
 garbage-first heap   total 225280K, used 114176K [0x0000000080000000, 0x0000000100000000)
  region size 1024K, 11 young (11264K), 11 survivors (11264K)
 Metaspace       used 48696K, committed 49152K, reserved 1114112K
  class space    used 5293K, committed 5504K, reserved 1048576K
}
Event: 3.586 GC heap before
{Heap before GC invocations=9 (full 0):
 garbage-first heap   total 225280K, used 170496K [0x0000000080000000, 0x0000000100000000)
  region size 1024K, 66 young (67584K), 11 survivors (11264K)
 Metaspace       used 48724K, committed 49216K, reserved 1114112K
  class space    used 5293K, committed 5504K, reserved 1048576K
}
Event: 3.621 GC heap after
{Heap after GC invocations=10 (full 0):
 garbage-first heap   total 225280K, used 140800K [0x0000000080000000, 0x0000000100000000)
  region size 1024K, 9 young (9216K), 9 survivors (9216K)
 Metaspace       used 48724K, committed 49216K, reserved 1114112K
  class space    used 5293K, committed 5504K, reserved 1048576K
}
Event: 3.754 GC heap before
{Heap before GC invocations=10 (full 0):
 garbage-first heap   total 301056K, used 181760K [0x0000000080000000, 0x0000000100000000)
  region size 1024K, 49 young (50176K), 9 survivors (9216K)
 Metaspace       used 48671K, committed 49216K, reserved 1114112K
  class space    used 5277K, committed 5504K, reserved 1048576K
}
Event: 3.774 GC heap after
{Heap after GC invocations=11 (full 0):
 garbage-first heap   total 301056K, used 160256K [0x0000000080000000, 0x0000000100000000)
  region size 1024K, 7 young (7168K), 7 survivors (7168K)
 Metaspace       used 48671K, committed 49216K, reserved 1114112K
  class space    used 5277K, committed 5504K, reserved 1048576K
}
Event: 3.920 GC heap before
{Heap before GC invocations=12 (full 0):
 garbage-first heap   total 301056K, used 230912K [0x0000000080000000, 0x0000000100000000)
  region size 1024K, 76 young (77824K), 7 survivors (7168K)
 Metaspace       used 48671K, committed 49216K, reserved 1114112K
  class space    used 5277K, committed 5504K, reserved 1048576K
}
Event: 3.945 GC heap after
{Heap after GC invocations=13 (full 0):
 garbage-first heap   total 301056K, used 193536K [0x0000000080000000, 0x0000000100000000)
  region size 1024K, 10 young (10240K), 10 survivors (10240K)
 Metaspace       used 48671K, committed 49216K, reserved 1114112K
  class space    used 5277K, committed 5504K, reserved 1048576K
}
Event: 4.444 GC heap before
{Heap before GC invocations=13 (full 0):
 garbage-first heap   total 301056K, used 245760K [0x0000000080000000, 0x0000000100000000)
  region size 1024K, 62 young (63488K), 10 survivors (10240K)
 Metaspace       used 51366K, committed 51712K, reserved 1114112K
  class space    used 5544K, committed 5696K, reserved 1048576K
}

